<?xml version="1.0" encoding="UTF-8"?>
<!-- Generated by org.testng.reporters.JUnitReportReporter -->
<testsuite hostname="DESKTOP-PIV2VUG" failures="0" tests="1" name="TestCases.ShoppingCartTestSteps" time="21.730" errors="0" timestamp="2023-01-07T22:11:03 CET" skipped="0">
  <testcase classname="TestCases.ShoppingCartTestSteps" name="testcase6" time="21.730"/>
  <system-out/>
</testsuite> <!-- TestCases.ShoppingCartTestSteps -->
