<?xml version="1.0" encoding="UTF-8"?>
<!-- Generated by org.testng.reporters.JUnitReportReporter -->
<testsuite hostname="DESKTOP-PIV2VUG" failures="0" tests="1" name="TestCases.SearchTestCases" time="8.017" errors="0" timestamp="2022-12-17T23:57:43 CET" skipped="0">
  <testcase classname="TestCases.SearchTestCases" name="SearchWithTwoCriteria" time="8.017"/>
  <system-out/>
</testsuite> <!-- TestCases.SearchTestCases -->
