<?xml version="1.0" encoding="UTF-8"?>
<!-- Generated by org.testng.reporters.JUnitReportReporter -->
<testsuite hostname="DESKTOP-PIV2VUG" failures="0" tests="1" name="TestCases.PLPTestCases" time="20.521" errors="0" timestamp="2022-12-18T00:00:37 CET" skipped="0">
  <testcase classname="TestCases.PLPTestCases" name="compareTwoProduct" time="20.521"/>
  <system-out/>
</testsuite> <!-- TestCases.PLPTestCases -->
