<?xml version="1.0" encoding="UTF-8"?>
<!-- Generated by org.testng.reporters.JUnitReportReporter -->
<testsuite hostname="DESKTOP-PIV2VUG" failures="0" tests="1" name="TestCases.RegisterTestCases" time="13.253" errors="0" timestamp="2023-01-03T21:34:41 CET" skipped="0">
  <testcase classname="TestCases.RegisterTestCases" name="RegisterWithExistingEmail" time="13.253"/>
  <system-out/>
</testsuite> <!-- TestCases.RegisterTestCases -->
