<?xml version="1.0" encoding="UTF-8"?>
<!-- Generated by org.testng.reporters.JUnitReportReporter -->
<testsuite hostname="DESKTOP-PIV2VUG" failures="0" tests="1" name="TestCases.PDPPageTestCases" time="18.861" errors="0" timestamp="2022-12-18T01:24:32 CET" skipped="0">
  <testcase classname="TestCases.PDPPageTestCases" name="CheckLargeImageOfProduct" time="18.861"/>
  <system-out/>
</testsuite> <!-- TestCases.PDPPageTestCases -->
