<?xml version="1.0" encoding="UTF-8"?>
<!-- Generated by org.testng.reporters.JUnitReportReporter -->
<testsuite hostname="DESKTOP-PIV2VUG" failures="0" tests="1" name="TestCases.CheckoutTestCases" time="20.904" errors="0" timestamp="2023-01-08T18:09:43 CET" skipped="0">
  <testcase classname="TestCases.CheckoutTestCases" name="Zadaca1" time="20.904"/>
  <system-out/>
</testsuite> <!-- TestCases.CheckoutTestCases -->
