<?xml version="1.0" encoding="UTF-8"?>
<!-- Generated by org.testng.reporters.JUnitReportReporter -->
<testsuite hostname="DESKTOP-PIV2VUG" failures="0" tests="1" name="TestCases.ShoppingCartTestCases" time="19.093" errors="0" timestamp="2023-01-04T22:21:29 CET" skipped="0">
  <testcase classname="TestCases.ShoppingCartTestCases" name="Zadaca1" time="19.093"/>
  <system-out/>
</testsuite> <!-- TestCases.ShoppingCartTestCases -->
